rm -f *.o predictor;
gcc -g -std=c99 -Werror -c main.c
gcc -g -std=c99 -Werror -c predictor.c
gcc -g -std=c99 -Werror -lm -o predictor main.o predictor.o


Branch prediction scheme: custom with parms: 

fp_1.bz2
Branches:           1546797
Incorrect:            30052
Misprediction Rate:   1.943

fp_2.bz2
Branches:           2422049
Incorrect:            71993
Misprediction Rate:   2.972

int_1.bz2
Branches:           3771697
Incorrect:           550931
Misprediction Rate:  14.607

int_2.bz2
Branches:           3755315
Incorrect:            19231
Misprediction Rate:   0.512

mm_1.bz2
Branches:           3014850
Incorrect:            89033
Misprediction Rate:   2.953

mm_2.bz2
Branches:           2563897
Incorrect:           244144
Misprediction Rate:   9.522
