rm -f *.o predictor;
gcc -g -std=c99 -Werror -c main.c
gcc -g -std=c99 -Werror -c predictor.c
gcc -g -std=c99 -Werror -lm -o predictor main.o predictor.o


Branch prediction scheme: custom with parms: 

fp_1.bz2
Branches:           1546797
Incorrect:            27414
Misprediction Rate:   1.772

fp_2.bz2
Branches:           2422049
Incorrect:            18370
Misprediction Rate:   0.758

int_1.bz2
Branches:           3771697
Incorrect:           532748
Misprediction Rate:  14.125

int_2.bz2
Branches:           3755315
Incorrect:            18894
Misprediction Rate:   0.503

mm_1.bz2
Branches:           3014850
Incorrect:            96020
Misprediction Rate:   3.185

mm_2.bz2
Branches:           2563897
Incorrect:           233352
Misprediction Rate:   9.101
