rm -f *.o predictor;
gcc -g -std=c99 -Werror -c main.c
gcc -g -std=c99 -Werror -c predictor.c
gcc -g -std=c99 -Werror -lm -o predictor main.o predictor.o


Branch prediction scheme: custom with parms: 

fp_1.bz2
Branches:           1546797
Incorrect:            30017
Misprediction Rate:   1.941

fp_2.bz2
Branches:           2422049
Incorrect:            71951
Misprediction Rate:   2.971

int_1.bz2
Branches:           3771697
Incorrect:           551491
Misprediction Rate:  14.622

int_2.bz2
Branches:           3755315
Incorrect:            19116
Misprediction Rate:   0.509

mm_1.bz2
Branches:           3014850
Incorrect:           124855
Misprediction Rate:   4.141

mm_2.bz2
Branches:           2563897
Incorrect:           244609
Misprediction Rate:   9.541
