rm -f *.o predictor;
gcc -g -std=c99 -Werror -c main.c
gcc -g -std=c99 -Werror -c predictor.c
gcc -g -std=c99 -Werror -lm -o predictor main.o predictor.o


Branch prediction scheme: custom with parms: 

fp_1.bz2
Branches:           1546797
Incorrect:            27411
Misprediction Rate:   1.772

fp_2.bz2
Branches:           2422049
Incorrect:            18346
Misprediction Rate:   0.757

int_1.bz2
Branches:           3771697
Incorrect:           536221
Misprediction Rate:  14.217

int_2.bz2
Branches:           3755315
Incorrect:            18571
Misprediction Rate:   0.495

mm_1.bz2
Branches:           3014850
Incorrect:           123235
Misprediction Rate:   4.088

mm_2.bz2
Branches:           2563897
Incorrect:           239424
Misprediction Rate:   9.338
