rm -f *.o predictor;
gcc -g -std=c99 -Werror -c main.c
gcc -g -std=c99 -Werror -c predictor.c
gcc -g -std=c99 -Werror -lm -o predictor main.o predictor.o


Branch prediction scheme: custom with parms: 

fp_1.bz2
Branches:           1546797
Incorrect:            30038
Misprediction Rate:   1.942

fp_2.bz2
Branches:           2422049
Incorrect:            36268
Misprediction Rate:   1.497

int_1.bz2
Branches:           3771697
Incorrect:           540376
Misprediction Rate:  14.327

int_2.bz2
Branches:           3755315
Incorrect:            19242
Misprediction Rate:   0.512

mm_1.bz2
Branches:           3014850
Incorrect:            97878
Misprediction Rate:   3.247

mm_2.bz2
Branches:           2563897
Incorrect:           236195
Misprediction Rate:   9.212
