rm -f *.o predictor;
gcc -g -std=c99 -Werror -c main.c
gcc -g -std=c99 -Werror -c predictor.c
gcc -g -std=c99 -Werror -lm -o predictor main.o predictor.o


Branch prediction scheme: custom with parms: 

fp_1.bz2
Branches:           1546797
Incorrect:            27437
Misprediction Rate:   1.774

fp_2.bz2
Branches:           2422049
Incorrect:            18356
Misprediction Rate:   0.758

int_1.bz2
Branches:           3771697
Incorrect:           577331
Misprediction Rate:  15.307

int_2.bz2
Branches:           3755315
Incorrect:            19131
Misprediction Rate:   0.509

mm_1.bz2
Branches:           3014850
Incorrect:           126450
Misprediction Rate:   4.194

mm_2.bz2
Branches:           2563897
Incorrect:           252261
Misprediction Rate:   9.839
