rm -f *.o predictor;
gcc -g -std=c99 -Werror -c main.c
gcc -g -std=c99 -Werror -c predictor.c
gcc -g -std=c99 -Werror -lm -o predictor main.o predictor.o


Branch prediction scheme: gshare with parms: :10

fp_1.bz2
Branches:           1546797
Incorrect:            20468
Misprediction Rate:   1.323

fp_2.bz2
Branches:           2422049
Incorrect:           482864
Misprediction Rate:  19.936

int_1.bz2
Branches:           3771697
Incorrect:           654036
Misprediction Rate:  17.341

int_2.bz2
Branches:           3755315
Incorrect:            26142
Misprediction Rate:   0.696

mm_1.bz2
Branches:           3014850
Incorrect:           346635
Misprediction Rate:  11.498

mm_2.bz2
Branches:           2563897
Incorrect:           300094
Misprediction Rate:  11.705
