rm -f *.o predictor;
gcc -g -std=c99 -Werror -c main.c
gcc -g -std=c99 -Werror -c predictor.c
gcc -g -std=c99 -Werror -lm -o predictor main.o predictor.o


Branch prediction scheme: gshare with parms: :5

fp_1.bz2
Branches:           1546797
Incorrect:            44957
Misprediction Rate:   2.906

fp_2.bz2
Branches:           2422049
Incorrect:           577818
Misprediction Rate:  23.857

int_1.bz2
Branches:           3771697
Incorrect:          1082578
Misprediction Rate:  28.703

int_2.bz2
Branches:           3755315
Incorrect:            48294
Misprediction Rate:   1.286

mm_1.bz2
Branches:           3014850
Incorrect:           920480
Misprediction Rate:  30.532

mm_2.bz2
Branches:           2563897
Incorrect:           546423
Misprediction Rate:  21.312
