rm -f *.o predictor;
gcc -g -std=c99 -Werror -c main.c
gcc -g -std=c99 -Werror -c predictor.c
gcc -g -std=c99 -Werror -lm -o predictor main.o predictor.o


Branch prediction scheme: gshare with parms: :8

fp_1.bz2
Branches:           1546797
Incorrect:            21948
Misprediction Rate:   1.419

fp_2.bz2
Branches:           2422049
Incorrect:           481641
Misprediction Rate:  19.886

int_1.bz2
Branches:           3771697
Incorrect:           814162
Misprediction Rate:  21.586

int_2.bz2
Branches:           3755315
Incorrect:            31145
Misprediction Rate:   0.829

mm_1.bz2
Branches:           3014850
Incorrect:           477448
Misprediction Rate:  15.837

mm_2.bz2
Branches:           2563897
Incorrect:           380620
Misprediction Rate:  14.845
