rm -f *.o predictor;
gcc -g -std=c99 -Werror -c main.c
gcc -g -std=c99 -Werror -c predictor.c
gcc -g -std=c99 -Werror -lm -o predictor main.o predictor.o


Branch prediction scheme: gshare with parms: :6

fp_1.bz2
Branches:           1546797
Incorrect:            35426
Misprediction Rate:   2.290

fp_2.bz2
Branches:           2422049
Incorrect:           535317
Misprediction Rate:  22.102

int_1.bz2
Branches:           3771697
Incorrect:          1008116
Misprediction Rate:  26.728

int_2.bz2
Branches:           3755315
Incorrect:            46131
Misprediction Rate:   1.228

mm_1.bz2
Branches:           3014850
Incorrect:           741085
Misprediction Rate:  24.581

mm_2.bz2
Branches:           2563897
Incorrect:           493411
Misprediction Rate:  19.245
