rm -f *.o predictor;
gcc -g -std=c99 -Werror -c main.c
gcc -g -std=c99 -Werror -c predictor.c
gcc -g -std=c99 -Werror -lm -o predictor main.o predictor.o


Branch prediction scheme: gshare with parms: :9

fp_1.bz2
Branches:           1546797
Incorrect:            20524
Misprediction Rate:   1.327

fp_2.bz2
Branches:           2422049
Incorrect:           482861
Misprediction Rate:  19.936

int_1.bz2
Branches:           3771697
Incorrect:           700323
Misprediction Rate:  18.568

int_2.bz2
Branches:           3755315
Incorrect:            26646
Misprediction Rate:   0.710

mm_1.bz2
Branches:           3014850
Incorrect:           381652
Misprediction Rate:  12.659

mm_2.bz2
Branches:           2563897
Incorrect:           336397
Misprediction Rate:  13.121
