rm -f *.o predictor;
gcc -g -std=c99 -Werror -c main.c
gcc -g -std=c99 -Werror -c predictor.c
gcc -g -std=c99 -Werror -lm -o predictor main.o predictor.o


Branch prediction scheme: tournament with parms: :13:11:11::

fp_1.bz2
Branches:           1546797
Incorrect:            30275
Misprediction Rate:   1.957

fp_2.bz2
Branches:           2422049
Incorrect:            76364
Misprediction Rate:   3.153

int_1.bz2
Branches:           3771697
Incorrect:           506644
Misprediction Rate:  13.433

int_2.bz2
Branches:           3755315
Incorrect:            28683
Misprediction Rate:   0.764

mm_1.bz2
Branches:           3014850
Incorrect:           169475
Misprediction Rate:   5.621

mm_2.bz2
Branches:           2563897
Incorrect:           285942
Misprediction Rate:  11.153
