rm -f *.o predictor;
gcc -g -std=c99 -Werror -c main.c
gcc -g -std=c99 -Werror -c predictor.c
gcc -g -std=c99 -Werror -lm -o predictor main.o predictor.o


Branch prediction scheme: tournament with parms: :10:8:8::

fp_1.bz2
Branches:           1546797
Incorrect:            30048
Misprediction Rate:   1.943

fp_2.bz2
Branches:           2422049
Incorrect:           140668
Misprediction Rate:   5.808

int_1.bz2
Branches:           3771697
Incorrect:           702782
Misprediction Rate:  18.633

int_2.bz2
Branches:           3755315
Incorrect:            36039
Misprediction Rate:   0.960

mm_1.bz2
Branches:           3014850
Incorrect:           323258
Misprediction Rate:  10.722

mm_2.bz2
Branches:           2563897
Incorrect:           360879
Misprediction Rate:  14.075
