rm -f *.o predictor;
gcc -g -std=c99 -Werror -c main.c
gcc -g -std=c99 -Werror -c predictor.c
gcc -g -std=c99 -Werror -lm -o predictor main.o predictor.o


Branch prediction scheme: gshare with parms: 10

fp_1.bz2
Branches:           1546797
Incorrect:            37830
Misprediction Rate:   2.446

fp_2.bz2
Branches:           2422049
Incorrect:           923904
Misprediction Rate:  38.146

int_1.bz2
Branches:           3771697
Incorrect:           917241
Misprediction Rate:  24.319

int_2.bz2
Branches:           3755315
Incorrect:            30941
Misprediction Rate:   0.824

mm_1.bz2
Branches:           3014850
Incorrect:           401325
Misprediction Rate:  13.312

mm_2.bz2
Branches:           2563897
Incorrect:           380507
Misprediction Rate:  14.841
