rm -f *.o predictor;
gcc -g -std=c99 -Werror -c main.c
gcc -g -std=c99 -Werror -c predictor.c
gcc -g -std=c99 -Werror -lm -o predictor main.o predictor.o


Branch prediction scheme: gshare with parms: 16

fp_1.bz2
Branches:           1546797
Incorrect:            37796
Misprediction Rate:   2.444

fp_2.bz2
Branches:           2422049
Incorrect:           922846
Misprediction Rate:  38.102

int_1.bz2
Branches:           3771697
Incorrect:           899397
Misprediction Rate:  23.846

int_2.bz2
Branches:           3755315
Incorrect:            30400
Misprediction Rate:   0.810

mm_1.bz2
Branches:           3014850
Incorrect:           336433
Misprediction Rate:  11.159

mm_2.bz2
Branches:           2563897
Incorrect:           318153
Misprediction Rate:  12.409
