rm -f *.o predictor;
gcc -g -std=c99 -Werror -c main.c
gcc -g -std=c99 -Werror -c predictor.c
gcc -g -std=c99 -Werror -lm -o predictor main.o predictor.o


Branch prediction scheme: custom with parms: 

fp_1.bz2
Branches:           1546797
Incorrect:            26496
Misprediction Rate:   1.713

fp_2.bz2
Branches:           2422049
Incorrect:            47484
Misprediction Rate:   1.960

int_1.bz2
Branches:           3771697
Incorrect:           432707
Misprediction Rate:  11.472

int_2.bz2
Branches:           3755315
Incorrect:            21750
Misprediction Rate:   0.579

mm_1.bz2
Branches:           3014850
Incorrect:            92186
Misprediction Rate:   3.058

mm_2.bz2
Branches:           2563897
Incorrect:           206668
Misprediction Rate:   8.061
