rm -f *.o predictor;
gcc -g -std=c99 -Werror -c main.c
gcc -g -std=c99 -Werror -c predictor.c
gcc -g -std=c99 -Werror -lm -o predictor main.o predictor.o


Branch prediction scheme: custom with parms: 

fp_1.bz2
Branches:           1546797
Incorrect:            27463
Misprediction Rate:   1.775

fp_2.bz2
Branches:           2422049
Incorrect:            46947
Misprediction Rate:   1.938

int_1.bz2
Branches:           3771697
Incorrect:           447401
Misprediction Rate:  11.862

int_2.bz2
Branches:           3755315
Incorrect:            22926
Misprediction Rate:   0.610

mm_1.bz2
Branches:           3014850
Incorrect:            92366
Misprediction Rate:   3.064

mm_2.bz2
Branches:           2563897
Incorrect:           204333
Misprediction Rate:   7.970
